<?xml version="1.0" encoding="UTF-8"?>
<!-- Generated by org.testng.reporters.JUnitXMLReporter -->
<testsuite ignored="0" hostname="LAPTOP-DV7B7JNU" failures="1" tests="1" name="Default test(failed)" time="0.087" errors="0" timestamp="2024-09-27T14:29:38 IST">
  <testcase classname="com.QA.TestCases.logintest" name="login" time="0.01">
    <failure type="java.lang.Error" message="Unresolved compilation problems: 
	Syntax error on token &amp;quot;.&amp;quot;, Identifier expected after this token
	Cannot make a static reference to the non-static field LoginPage.UserName
	Syntax error on token &amp;quot;.&amp;quot;, ; expected
">
      <![CDATA[java.lang.Error: Unresolved compilation problems: 
Syntax error on token ".", Identifier expected after this token
Cannot make a static reference to the non-static field LoginPage.UserName
Syntax error on token ".", ; expected

at com.QA.TestCases.logintest.login(logintest.java:15)
at java.base/java.util.ArrayList.forEach(ArrayList.java:1511)
... Removed 27 stack frames]]>
    </failure>
  </testcase> <!-- login -->
</testsuite> <!-- Default test(failed) -->
