<?xml version="1.0" encoding="UTF-8"?>
<!-- Generated by org.testng.reporters.JUnitXMLReporter -->
<testsuite ignored="1" hostname="LAPTOP-DV7B7JNU" failures="0" tests="4" name="Test" time="0.063" errors="0" timestamp="2024-06-20T10:22:44 IST">
  <testcase classname="seleniumproject.testDemo2" name="method1" time="0.008"/>
  <testcase classname="seleniumproject.testDemo2" name="method2" time="0.001"/>
  <testcase classname="seleniumproject.MEthod3" name="methodA1" time="0.002"/>
  <testcase classname="seleniumproject.MEthod3" name="methodA2" time="0.002"/>
  <testcase classname="seleniumproject.TestDemo" name="Zlunchbrowser" time="0.0">
    <ignored/>
  </testcase> <!-- Zlunchbrowser -->
</testsuite> <!-- Test -->
